<?xml version="1.0" encoding="UTF-8"?>
<testng-results ignored="0" total="1" passed="1" failed="0" skipped="0">
  <reporter-output>
  </reporter-output>
  <suite started-at="2026-04-17T12:38:05 IST" name="Default suite" finished-at="2026-04-17T12:38:16 IST" duration-ms="10939">
    <groups>
    </groups>
    <test started-at="2026-04-17T12:38:05 IST" name="Default test" finished-at="2026-04-17T12:38:16 IST" duration-ms="10939">
      <class name="com.test.GoogleTest">
        <test-method signature="verifyGoogleTitle()[pri:0, instance:com.test.GoogleTest@5b8dfcc1]" started-at="2026-04-17T12:38:05 IST" name="verifyGoogleTitle" finished-at="2026-04-17T12:38:16 IST" duration-ms="10846" status="PASS">
          <reporter-output>
          </reporter-output>
        </test-method> <!-- verifyGoogleTitle -->
      </class> <!-- com.test.GoogleTest -->
    </test> <!-- Default test -->
  </suite> <!-- Default suite -->
</testng-results>
